{"C:\\Users\\232736\\Desktop\\My Projects\\Food-Delivery-App\\src\\Components\\Body.js": {"path":"C:\\Users\\232736\\Desktop\\My Projects\\Food-Delivery-App\\src\\Components\\Body.js","statementMap":{"0":{"start":{"line":7,"column":13},"end":{"line":102,"column":1}},"1":{"start":{"line":8,"column":42},"end":{"line":8,"column":54}},"2":{"start":{"line":9,"column":38},"end":{"line":9,"column":50}},"3":{"start":{"line":10,"column":38},"end":{"line":10,"column":50}},"4":{"start":{"line":14,"column":19},"end":{"line":14,"column":38}},"5":{"start":{"line":16,"column":20},"end":{"line":27,"column":3}},"6":{"start":{"line":17,"column":17},"end":{"line":17,"column":40}},"7":{"start":{"line":18,"column":17},"end":{"line":18,"column":34}},"8":{"start":{"line":20,"column":4},"end":{"line":22,"column":6}},"9":{"start":{"line":23,"column":4},"end":{"line":25,"column":6}},"10":{"start":{"line":31,"column":2},"end":{"line":33,"column":9}},"11":{"start":{"line":32,"column":4},"end":{"line":32,"column":16}},"12":{"start":{"line":35,"column":23},"end":{"line":35,"column":40}},"13":{"start":{"line":36,"column":2},"end":{"line":37,"column":72}},"14":{"start":{"line":37,"column":4},"end":{"line":37,"column":72}},"15":{"start":{"line":39,"column":2},"end":{"line":101,"column":4}},"16":{"start":{"line":51,"column":16},"end":{"line":51,"column":46}},"17":{"start":{"line":58,"column":43},"end":{"line":62,"column":17}},"18":{"start":{"line":59,"column":18},"end":{"line":61,"column":55}},"19":{"start":{"line":63,"column":16},"end":{"line":63,"column":50}},"20":{"start":{"line":73,"column":37},"end":{"line":75,"column":17}},"21":{"start":{"line":74,"column":31},"end":{"line":74,"column":57}},"22":{"start":{"line":79,"column":16},"end":{"line":79,"column":44}},"23":{"start":{"line":90,"column":10},"end":{"line":97,"column":17}}},"fnMap":{"0":{"name":"(anonymous_0)","decl":{"start":{"line":7,"column":13},"end":{"line":7,"column":14}},"loc":{"start":{"line":7,"column":19},"end":{"line":102,"column":1}},"line":7},"1":{"name":"(anonymous_1)","decl":{"start":{"line":16,"column":20},"end":{"line":16,"column":21}},"loc":{"start":{"line":16,"column":32},"end":{"line":27,"column":3}},"line":16},"2":{"name":"(anonymous_2)","decl":{"start":{"line":31,"column":12},"end":{"line":31,"column":13}},"loc":{"start":{"line":31,"column":18},"end":{"line":33,"column":3}},"line":31},"3":{"name":"(anonymous_3)","decl":{"start":{"line":50,"column":24},"end":{"line":50,"column":25}},"loc":{"start":{"line":50,"column":31},"end":{"line":52,"column":15}},"line":50},"4":{"name":"(anonymous_4)","decl":{"start":{"line":56,"column":23},"end":{"line":56,"column":24}},"loc":{"start":{"line":56,"column":29},"end":{"line":64,"column":15}},"line":56},"5":{"name":"(anonymous_5)","decl":{"start":{"line":58,"column":63},"end":{"line":58,"column":64}},"loc":{"start":{"line":59,"column":18},"end":{"line":61,"column":55}},"line":59},"6":{"name":"(anonymous_6)","decl":{"start":{"line":72,"column":23},"end":{"line":72,"column":24}},"loc":{"start":{"line":72,"column":29},"end":{"line":80,"column":15}},"line":72},"7":{"name":"(anonymous_7)","decl":{"start":{"line":74,"column":18},"end":{"line":74,"column":19}},"loc":{"start":{"line":74,"column":31},"end":{"line":74,"column":57}},"line":74},"8":{"name":"(anonymous_8)","decl":{"start":{"line":89,"column":24},"end":{"line":89,"column":25}},"loc":{"start":{"line":90,"column":10},"end":{"line":97,"column":17}},"line":90}},"branchMap":{"0":{"loc":{"start":{"line":36,"column":2},"end":{"line":37,"column":72}},"type":"if","locations":[{"start":{"line":36,"column":2},"end":{"line":37,"column":72}},{"start":{},"end":{}}],"line":36},"1":{"loc":{"start":{"line":92,"column":13},"end":{"line":96,"column":13}},"type":"cond-expr","locations":[{"start":{"line":93,"column":14},"end":{"line":93,"column":42}},{"start":{"line":95,"column":14},"end":{"line":95,"column":38}}],"line":92}},"s":{"0":1,"1":1,"2":1,"3":1,"4":1,"5":1,"6":1,"7":0,"8":0,"9":0,"10":1,"11":1,"12":1,"13":1,"14":0,"15":1,"16":0,"17":0,"18":0,"19":0,"20":0,"21":0,"22":0,"23":0},"f":{"0":1,"1":1,"2":1,"3":0,"4":0,"5":0,"6":0,"7":0,"8":0},"b":{"0":[0,1],"1":[0,0]},"_coverageSchema":"1a1c01bbd47fc00a2c39e90264f33305004495a9","hash":"b0b59eda07e854e3328e7bcf207a080aa5a7090a"}
,"C:\\Users\\232736\\Desktop\\My Projects\\Food-Delivery-App\\src\\Components\\Card.js": {"path":"C:\\Users\\232736\\Desktop\\My Projects\\Food-Delivery-App\\src\\Components\\Card.js","statementMap":{"0":{"start":{"line":4,"column":13},"end":{"line":28,"column":1}},"1":{"start":{"line":5,"column":21},"end":{"line":5,"column":26}},"2":{"start":{"line":7,"column":19},"end":{"line":7,"column":39}},"3":{"start":{"line":9,"column":4},"end":{"line":9,"column":16}},"4":{"start":{"line":10,"column":2},"end":{"line":27,"column":4}},"5":{"start":{"line":33,"column":29},"end":{"line":44,"column":1}},"6":{"start":{"line":34,"column":2},"end":{"line":34,"column":20}},"7":{"start":{"line":35,"column":2},"end":{"line":43,"column":4}},"8":{"start":{"line":36,"column":4},"end":{"line":36,"column":27}},"9":{"start":{"line":37,"column":4},"end":{"line":42,"column":6}}},"fnMap":{"0":{"name":"(anonymous_0)","decl":{"start":{"line":4,"column":13},"end":{"line":4,"column":14}},"loc":{"start":{"line":4,"column":24},"end":{"line":28,"column":1}},"line":4},"1":{"name":"(anonymous_1)","decl":{"start":{"line":33,"column":29},"end":{"line":33,"column":30}},"loc":{"start":{"line":33,"column":39},"end":{"line":44,"column":1}},"line":33},"2":{"name":"(anonymous_2)","decl":{"start":{"line":35,"column":9},"end":{"line":35,"column":10}},"loc":{"start":{"line":35,"column":20},"end":{"line":43,"column":3}},"line":35}},"branchMap":{},"s":{"0":1,"1":0,"2":0,"3":0,"4":0,"5":1,"6":1,"7":1,"8":0,"9":0},"f":{"0":0,"1":1,"2":0},"b":{},"_coverageSchema":"1a1c01bbd47fc00a2c39e90264f33305004495a9","hash":"c1fcf14c6484c5f6f42a5b776e55c0bf29df03b5"}
,"C:\\Users\\232736\\Desktop\\My Projects\\Food-Delivery-App\\src\\Components\\Contact.js": {"path":"C:\\Users\\232736\\Desktop\\My Projects\\Food-Delivery-App\\src\\Components\\Contact.js","statementMap":{"0":{"start":{"line":1,"column":16},"end":{"line":29,"column":1}},"1":{"start":{"line":2,"column":2},"end":{"line":28,"column":4}}},"fnMap":{"0":{"name":"(anonymous_0)","decl":{"start":{"line":1,"column":16},"end":{"line":1,"column":17}},"loc":{"start":{"line":1,"column":22},"end":{"line":29,"column":1}},"line":1}},"branchMap":{},"s":{"0":1,"1":5},"f":{"0":5},"b":{},"_coverageSchema":"1a1c01bbd47fc00a2c39e90264f33305004495a9","hash":"defd90e9d99ef2f4b221d495834972bed3620955"}
,"C:\\Users\\232736\\Desktop\\My Projects\\Food-Delivery-App\\src\\Components\\Difference.js": {"path":"C:\\Users\\232736\\Desktop\\My Projects\\Food-Delivery-App\\src\\Components\\Difference.js","statementMap":{"0":{"start":{"line":1,"column":26},"end":{"line":3,"column":1}},"1":{"start":{"line":2,"column":2},"end":{"line":2,"column":15}}},"fnMap":{"0":{"name":"(anonymous_0)","decl":{"start":{"line":1,"column":26},"end":{"line":1,"column":27}},"loc":{"start":{"line":1,"column":36},"end":{"line":3,"column":1}},"line":1}},"branchMap":{},"s":{"0":1,"1":1},"f":{"0":1},"b":{},"_coverageSchema":"1a1c01bbd47fc00a2c39e90264f33305004495a9","hash":"cf10c82862775f4d2d5dbccacaf9b5ee414ccddc"}
,"C:\\Users\\232736\\Desktop\\My Projects\\Food-Delivery-App\\src\\Components\\Sum.js": {"path":"C:\\Users\\232736\\Desktop\\My Projects\\Food-Delivery-App\\src\\Components\\Sum.js","statementMap":{"0":{"start":{"line":1,"column":19},"end":{"line":3,"column":1}},"1":{"start":{"line":2,"column":2},"end":{"line":2,"column":15}}},"fnMap":{"0":{"name":"(anonymous_0)","decl":{"start":{"line":1,"column":19},"end":{"line":1,"column":20}},"loc":{"start":{"line":1,"column":29},"end":{"line":3,"column":1}},"line":1}},"branchMap":{},"s":{"0":1,"1":1},"f":{"0":1},"b":{},"_coverageSchema":"1a1c01bbd47fc00a2c39e90264f33305004495a9","hash":"1f5fcdbb7c69f252c8c4758e14a67fd625fde38c"}
,"C:\\Users\\232736\\Desktop\\My Projects\\Food-Delivery-App\\src\\Utils\\UserInfo.js": {"path":"C:\\Users\\232736\\Desktop\\My Projects\\Food-Delivery-App\\src\\Utils\\UserInfo.js","statementMap":{"0":{"start":{"line":3,"column":17},"end":{"line":5,"column":2}}},"fnMap":{},"branchMap":{},"s":{"0":1},"f":{},"b":{},"_coverageSchema":"1a1c01bbd47fc00a2c39e90264f33305004495a9","hash":"9d6518c835cc90189f016b6ae45a81483881baf9"}
,"C:\\Users\\232736\\Desktop\\My Projects\\Food-Delivery-App\\src\\Utils\\constants.js": {"path":"C:\\Users\\232736\\Desktop\\My Projects\\Food-Delivery-App\\src\\Utils\\constants.js","statementMap":{"0":{"start":{"line":2,"column":2},"end":{"line":2,"column":146}},"1":{"start":{"line":5,"column":2},"end":{"line":5,"column":131}}},"fnMap":{},"branchMap":{},"s":{"0":1,"1":1},"f":{},"b":{},"_coverageSchema":"1a1c01bbd47fc00a2c39e90264f33305004495a9","hash":"57000760bdc652a16233746d0bbfeb185f236118"}
,"C:\\Users\\232736\\Desktop\\My Projects\\Food-Delivery-App\\src\\Utils\\useOnlineStatus.js": {"path":"C:\\Users\\232736\\Desktop\\My Projects\\Food-Delivery-App\\src\\Utils\\useOnlineStatus.js","statementMap":{"0":{"start":{"line":3,"column":24},"end":{"line":17,"column":1}},"1":{"start":{"line":4,"column":42},"end":{"line":4,"column":58}},"2":{"start":{"line":6,"column":2},"end":{"line":14,"column":9}},"3":{"start":{"line":7,"column":4},"end":{"line":9,"column":7}},"4":{"start":{"line":8,"column":6},"end":{"line":8,"column":31}},"5":{"start":{"line":11,"column":4},"end":{"line":13,"column":7}},"6":{"start":{"line":12,"column":6},"end":{"line":12,"column":30}},"7":{"start":{"line":16,"column":2},"end":{"line":16,"column":22}}},"fnMap":{"0":{"name":"(anonymous_0)","decl":{"start":{"line":3,"column":24},"end":{"line":3,"column":25}},"loc":{"start":{"line":3,"column":30},"end":{"line":17,"column":1}},"line":3},"1":{"name":"(anonymous_1)","decl":{"start":{"line":6,"column":12},"end":{"line":6,"column":13}},"loc":{"start":{"line":6,"column":18},"end":{"line":14,"column":3}},"line":6},"2":{"name":"(anonymous_2)","decl":{"start":{"line":7,"column":39},"end":{"line":7,"column":40}},"loc":{"start":{"line":7,"column":45},"end":{"line":9,"column":5}},"line":7},"3":{"name":"(anonymous_3)","decl":{"start":{"line":11,"column":38},"end":{"line":11,"column":39}},"loc":{"start":{"line":11,"column":44},"end":{"line":13,"column":5}},"line":11}},"branchMap":{},"s":{"0":1,"1":1,"2":1,"3":1,"4":0,"5":1,"6":0,"7":1},"f":{"0":1,"1":1,"2":0,"3":0},"b":{},"_coverageSchema":"1a1c01bbd47fc00a2c39e90264f33305004495a9","hash":"6f9cd0b53fac9befd779df72fe2532720f4a85ed"}
}
